[0mGET / [32m200[0m 115.872 ms - 4423[0m
[0mGET /favicon.ico [33m404[0m 17.918 ms - 150[0m
[0mGET /users/sign-in [32m200[0m 16.954 ms - 2095[0m
[0mGET /users/css/layout.css [33m404[0m 7.567 ms - 159[0m
[0mGET /users/css/header.css [33m404[0m 13.471 ms - 159[0m
[0mGET /users/css/footer.css [33m404[0m 17.034 ms - 159[0m
[0mGET / [36m304[0m 54.289 ms - -[0m
[0mGET / [36m304[0m 152.366 ms - -[0m
[0mGET /favicon.ico [33m404[0m 7.248 ms - 150[0m
[0mGET /users/sign-in [36m304[0m 5.881 ms - -[0m
[0mGET /users/css/layout.css [33m404[0m 8.797 ms - 159[0m
[0mGET /users/css/header.css [33m404[0m 9.555 ms - 159[0m
[0mGET /users/css/footer.css [33m404[0m 8.381 ms - 159[0m
[0mGET /users/auth/google [36m302[0m 6.326 ms - 0[0m
[0mGET /users/auth/google/callback?code=4%2F0AX4XfWje5UIKOLmkXI8HRTUHNHXwJ0bfW-I5eSt8NYtEZq1AqCTeJ98dWa_3_GX5JfKbzg&scope=email+profile+https%3A%2F%2Fwww.googleapis.com%2Fauth%2Fuserinfo.profile+https%3A%2F%2Fwww.googleapis.com%2Fauth%2Fuserinfo.email+openid&authuser=0&prompt=none [36m302[0m 1389.490 ms - 46[0m
[0mGET / [32m200[0m 42.256 ms - 6320[0m
[0mPOST /comments/create [32m200[0m 73.126 ms - 324[0m
[0mGET /comments/destroy/6275f6b948f5c92729c4807c [32m200[0m 41.188 ms - 75[0m
[0mGET /users/profile [33m404[0m 10.176 ms - 152[0m
[0mGET / [32m200[0m 61.716 ms - 6029[0m
[0mGET / [32m200[0m 183.270 ms - 4423[0m
[0mGET /favicon.ico [33m404[0m 7.351 ms - 150[0m
[0mGET /users/sign-in [36m304[0m 12.418 ms - -[0m
[0mGET /users/css/layout.css [33m404[0m 6.449 ms - 159[0m
[0mGET /users/css/header.css [33m404[0m 9.931 ms - 159[0m
[0mGET /users/css/footer.css [33m404[0m 5.239 ms - 159[0m
[0mGET /users/sign-up [32m200[0m 6.647 ms - 2251[0m
[0mGET /users/css/layout.css [33m404[0m 3.784 ms - 159[0m
[0mGET /users/css/header.css [33m404[0m 6.779 ms - 159[0m
[0mGET /users/css/footer.css [33m404[0m 4.030 ms - 159[0m
[0mGET / [36m304[0m 26.277 ms - -[0m
[0mGET /users/profile/625fe5059993ca9ec69a9c7f [36m302[0m 4.224 ms - 72[0m
[0mGET /users/sign-in [36m304[0m 5.771 ms - -[0m
[0mGET /users/css/layout.css [33m404[0m 10.536 ms - 159[0m
[0mGET /users/css/header.css [33m404[0m 7.786 ms - 159[0m
[0mGET /users/css/footer.css [33m404[0m 7.732 ms - 159[0m
[0mGET / [36m304[0m 22.718 ms - -[0m
[0mGET / [36m304[0m 25.930 ms - -[0m
[0mGET /users/profile/625fe5059993ca9ec69a9c7f [36m302[0m 3.186 ms - 72[0m
[0mGET /users/sign-in [36m304[0m 3.896 ms - -[0m
[0mGET /users/css/layout.css [33m404[0m 8.317 ms - 159[0m
[0mGET /users/css/header.css [33m404[0m 10.268 ms - 159[0m
[0mGET /users/css/footer.css [33m404[0m 8.359 ms - 159[0m
[0mGET /users/sign-in [36m304[0m 7.985 ms - -[0m
[0mGET /users/css/layout.css [33m404[0m 4.796 ms - 159[0m
[0mGET /users/css/header.css [33m404[0m 4.333 ms - 159[0m
[0mGET /users/css/footer.css [33m404[0m 4.453 ms - 159[0m
[0mGET /users/sign-in [36m304[0m 4.642 ms - -[0m
[0mGET /users/css/layout.css [33m404[0m 11.165 ms - 159[0m
[0mGET /users/css/header.css [33m404[0m 9.325 ms - 159[0m
[0mGET /users/css/footer.css [33m404[0m 8.828 ms - 159[0m
[0mGET /users/sign-up [36m304[0m 5.442 ms - -[0m
[0mGET /users/css/layout.css [33m404[0m 5.712 ms - 159[0m
[0mGET /users/css/header.css [33m404[0m 5.720 ms - 159[0m
[0mGET /users/css/footer.css [33m404[0m 4.382 ms - 159[0m
[0mGET /users/auth/google [36m302[0m 4.668 ms - 0[0m
[0mGET /users/auth/google/callback?code=4%2F0AX4XfWiRaMWyxJwagrNnvZORkIYAq73ZOiTHf7CsvuoMld5jozREHdbp63JEIKrEFMqm9w&scope=email+profile+https%3A%2F%2Fwww.googleapis.com%2Fauth%2Fuserinfo.profile+https%3A%2F%2Fwww.googleapis.com%2Fauth%2Fuserinfo.email+openid&authuser=0&prompt=none [36m302[0m 738.428 ms - 46[0m
[0mGET / [32m200[0m 19.057 ms - 6320[0m
[0mGET /users/profile/625fe5059993ca9ec69a9c7f [32m200[0m 12.992 ms - 2536[0m
[0mGET /users/profile/css/layout.css [33m404[0m 19.551 ms - 167[0m
[0mGET /users/profile/css/header.css [33m404[0m 19.788 ms - 167[0m
[0mGET /users/profile/css/footer.css [33m404[0m 19.098 ms - 167[0m
[0mGET /users/profile/css/user_profile.css [33m404[0m 21.298 ms - 173[0m
[0mGET /users/profile [33m404[0m 7.657 ms - 152[0m
[0mGET / [32m200[0m 32.952 ms - 6029[0m
[0mPOST /comments/create [32m200[0m 26.368 ms - 328[0m
[0mGET / [32m200[0m 29.990 ms - 6693[0m
[0mGET /users/profile/625fe5059993ca9ec69a9c7f [36m304[0m 13.148 ms - -[0m
[0mGET /users/profile/css/layout.css [33m404[0m 19.340 ms - 167[0m
[0mGET /users/profile/css/header.css [33m404[0m 19.296 ms - 167[0m
[0mGET /users/profile/css/footer.css [33m404[0m 18.236 ms - 167[0m
[0mGET /users/profile/css/user_profile.css [33m404[0m 16.935 ms - 173[0m
[0mGET /users/profile [33m404[0m 5.509 ms - 152[0m
[0mGET /users/profile/css/layout.css [33m404[0m 13.034 ms - 167[0m
[0mGET /users/profile/css/header.css [33m404[0m 10.076 ms - 167[0m
[0mGET /users/profile/css/footer.css [33m404[0m 14.410 ms - 167[0m
[0mGET /users/profile/css/user_profile.css [33m404[0m 19.065 ms - 173[0m
[0mGET /users/profile [33m404[0m 7.841 ms - 152[0m
[0mGET /users/profile/css/layout.css [33m404[0m 20.002 ms - 167[0m
[0mGET /users/profile/css/header.css [33m404[0m 21.459 ms - 167[0m
[0mGET /users/profile/css/footer.css [33m404[0m 19.560 ms - 167[0m
[0mGET /users/profile/css/user_profile.css [33m404[0m 24.269 ms - 173[0m
[0mGET / [36m304[0m 25.951 ms - -[0m
[0mGET /users/profile/625fe5059993ca9ec69a9c7f [36m304[0m 11.977 ms - -[0m
[0mGET /users/profile/css/layout.css [33m404[0m 18.187 ms - 167[0m
[0mGET /users/profile/css/header.css [33m404[0m 18.156 ms - 167[0m
[0mGET /users/profile/css/footer.css [33m404[0m 13.366 ms - 167[0m
[0mGET /users/profile/css/user_profile.css [33m404[0m 17.653 ms - 173[0m
[0mGET /users/profile/625fe5059993ca9ec69a9c7f [32m200[0m 10.423 ms - 2395[0m
[0mGET /users/profile/css/layout.css [33m404[0m 14.533 ms - 167[0m
[0mGET /users/profile/css/header.css [33m404[0m 18.416 ms - 167[0m
[0mGET /users/profile/css/footer.css [33m404[0m 19.734 ms - 167[0m
[0mGET /users/profile/css/user_profile.css [33m404[0m 15.373 ms - 173[0m
[0mGET /users/profile [33m404[0m 5.623 ms - 152[0m
[0mGET /users/profile/css/layout.css [33m404[0m 13.328 ms - 167[0m
[0mGET /users/profile/css/header.css [33m404[0m 14.533 ms - 167[0m
[0mGET /users/profile/css/footer.css [33m404[0m 14.095 ms - 167[0m
[0mGET /users/profile/css/user_profile.css [33m404[0m 17.958 ms - 173[0m
[0mGET / [36m304[0m 25.556 ms - -[0m
[0mGET /users/profile/625fe5059993ca9ec69a9c7f [36m304[0m 13.449 ms - -[0m
[0mGET /users/profile/css/layout.css [33m404[0m 19.518 ms - 167[0m
[0mGET /users/profile/css/header.css [33m404[0m 19.667 ms - 167[0m
[0mGET /users/profile/css/footer.css [33m404[0m 19.319 ms - 167[0m
[0mGET /users/profile/css/user_profile.css [33m404[0m 21.064 ms - 173[0m
[0mGET / [36m304[0m 21.049 ms - -[0m
[0mGET /users/profile/626799c125afe6b824416a01 [32m200[0m 9.580 ms - 2001[0m
[0mGET /users/profile/css/layout.css [33m404[0m 22.106 ms - 167[0m
[0mGET /users/profile/css/header.css [33m404[0m 22.347 ms - 167[0m
[0mGET /users/profile/css/footer.css [33m404[0m 16.885 ms - 167[0m
[0mGET /users/profile/css/user_profile.css [33m404[0m 20.048 ms - 173[0m
[0mGET / [36m304[0m 24.961 ms - -[0m
[0mGET /users/profile/625fe5059993ca9ec69a9c7f [36m304[0m 13.568 ms - -[0m
[0mGET /users/profile/css/layout.css [33m404[0m 18.228 ms - 167[0m
[0mGET /users/profile/css/header.css [33m404[0m 17.566 ms - 167[0m
[0mGET /users/profile/css/footer.css [33m404[0m 14.910 ms - 167[0m
[0mGET /users/profile/css/user_profile.css [33m404[0m 15.969 ms - 173[0m
[0mGET / [36m304[0m 22.570 ms - -[0m
[0mPOST /likes/toggle/?id=62679ee53d214efab2a16845&type=Post [32m200[0m 16.302 ms - 57[0m
[0mPOST /likes/toggle/?id=62679ee53d214efab2a16845&type=Post [32m200[0m 12.573 ms - 58[0m
[0mPOST /likes/toggle/?id=6269077074ebe359663c7ef1&type=Comment [32m200[0m 13.718 ms - 57[0m
[0mPOST /likes/toggle/?id=6269077074ebe359663c7ef1&type=Comment [32m200[0m 12.724 ms - 58[0m
[0mPOST /likes/toggle/?id=62762594207ac839d934a180&type=Comment [32m200[0m 13.413 ms - 58[0m
[0mGET /users/profile/625fe5059993ca9ec69a9c7f [36m304[0m 11.658 ms - -[0m
[0mGET /users/profile/css/layout.css [33m404[0m 17.300 ms - 167[0m
[0mGET /users/profile/css/header.css [33m404[0m 18.691 ms - 167[0m
[0mGET /users/profile/css/footer.css [33m404[0m 18.113 ms - 167[0m
[0mGET /users/profile/css/user_profile.css [33m404[0m 14.965 ms - 173[0m
[0mGET / [32m200[0m 20.903 ms - 6693[0m
[0mGET /users/profile/625fe5059993ca9ec69a9c7f [36m304[0m 11.185 ms - -[0m
[0mGET /users/profile/css/layout.css [33m404[0m 18.697 ms - 167[0m
[0mGET /users/profile/css/header.css [33m404[0m 19.044 ms - 167[0m
[0mGET /users/profile/css/footer.css [33m404[0m 19.108 ms - 167[0m
[0mGET /users/profile/css/user_profile.css [33m404[0m 15.767 ms - 173[0m
[0mGET /users/profile/625fe5059993ca9ec69a9c7f [32m200[0m 14.019 ms - 2536[0m
[0mGET /users/profile/css/layout.css [33m404[0m 18.624 ms - 167[0m
[0mGET /users/profile/css/header.css [33m404[0m 21.797 ms - 167[0m
[0mGET /users/profile/css/footer.css [33m404[0m 17.918 ms - 167[0m
[0mGET /users/profile/css/user_profile.css [33m404[0m 20.372 ms - 173[0m
[0mGET /users/profile/625fe5059993ca9ec69a9c7f [36m304[0m 11.629 ms - -[0m
[0mGET /users/profile/css/layout.css [33m404[0m 14.274 ms - 167[0m
[0mGET /users/profile/css/header.css [33m404[0m 17.069 ms - 167[0m
[0mGET /users/profile/css/footer.css [33m404[0m 17.782 ms - 167[0m
[0mGET /users/profile/css/user_profile.css [33m404[0m 19.713 ms - 173[0m
[0mGET /users/profile/625fe5059993ca9ec69a9c7f [36m304[0m 12.174 ms - -[0m
[0mGET /users/profile/css/layout.css [33m404[0m 18.175 ms - 167[0m
[0mGET /users/profile/css/header.css [33m404[0m 16.073 ms - 167[0m
[0mGET /users/profile/css/footer.css [33m404[0m 14.252 ms - 167[0m
[0mGET /users/profile/css/user_profile.css [33m404[0m 17.536 ms - 173[0m
[0mGET /users/profile/625fe5059993ca9ec69a9c7f [36m304[0m 13.685 ms - -[0m
[0mGET /users/profile/css/layout.css [33m404[0m 19.301 ms - 167[0m
[0mGET /users/profile/css/header.css [33m404[0m 21.261 ms - 167[0m
[0mGET /users/profile/css/footer.css [33m404[0m 20.557 ms - 167[0m
[0mGET /users/profile/css/user_profile.css [33m404[0m 22.440 ms - 173[0m
[0mGET /users/profile/625fe5059993ca9ec69a9c7f [36m304[0m 10.893 ms - -[0m
[0mGET /users/profile/css/layout.css [33m404[0m 14.674 ms - 167[0m
[0mGET /users/profile/css/header.css [33m404[0m 15.328 ms - 167[0m
[0mGET /users/profile/css/footer.css [33m404[0m 14.559 ms - 167[0m
[0mGET /users/profile/css/user_profile.css [33m404[0m 19.846 ms - 173[0m
[0mGET /users/profile/625fe5059993ca9ec69a9c7f [36m304[0m 8.207 ms - -[0m
[0mGET /users/profile/css/layout.css [33m404[0m 16.739 ms - 167[0m
[0mGET /users/profile/css/header.css [33m404[0m 18.212 ms - 167[0m
[0mGET /users/profile/css/footer.css [33m404[0m 19.600 ms - 167[0m
[0mGET /users/profile/css/user_profile.css [33m404[0m 17.186 ms - 173[0m
[0mGET /users/profile/625fe5059993ca9ec69a9c7f [36m304[0m 11.166 ms - -[0m
[0mGET /users/profile/css/layout.css [33m404[0m 20.256 ms - 167[0m
[0mGET /users/profile/css/header.css [33m404[0m 21.255 ms - 167[0m
[0mGET /users/profile/css/footer.css [33m404[0m 20.873 ms - 167[0m
[0mGET /users/profile/css/user_profile.css [33m404[0m 18.279 ms - 173[0m
[0mGET /users/profile/625fe5059993ca9ec69a9c7f [36m304[0m 12.665 ms - -[0m
[0mGET /users/profile/css/layout.css [33m404[0m 19.403 ms - 167[0m
[0mGET /users/profile/css/header.css [33m404[0m 18.400 ms - 167[0m
[0mGET /users/profile/css/footer.css [33m404[0m 19.942 ms - 167[0m
[0mGET /users/profile/css/user_profile.css [33m404[0m 20.915 ms - 173[0m
[0mGET /users/profile/625fe5059993ca9ec69a9c7f [36m304[0m 10.888 ms - -[0m
[0mGET /users/profile/css/layout.css [33m404[0m 19.435 ms - 167[0m
[0mGET /users/profile/css/header.css [33m404[0m 22.856 ms - 167[0m
[0mGET /users/profile/css/footer.css [33m404[0m 23.236 ms - 167[0m
[0mGET /users/profile/css/user_profile.css [33m404[0m 22.059 ms - 173[0m
[0mGET /users/profile/625fe5059993ca9ec69a9c7f [36m304[0m 11.164 ms - -[0m
[0mGET /users/profile/css/layout.css [33m404[0m 14.556 ms - 167[0m
[0mGET /users/profile/css/header.css [33m404[0m 16.559 ms - 167[0m
[0mGET /users/profile/css/footer.css [33m404[0m 17.683 ms - 167[0m
[0mGET /users/profile/css/user_profile.css [33m404[0m 19.768 ms - 173[0m
[0mGET /users/profile/625fe5059993ca9ec69a9c7f [36m304[0m 12.800 ms - -[0m
[0mGET /users/profile/css/layout.css [33m404[0m 20.334 ms - 167[0m
[0mGET /users/profile/css/header.css [33m404[0m 20.277 ms - 167[0m
[0mGET /users/profile/css/footer.css [33m404[0m 18.921 ms - 167[0m
[0mGET /users/profile/css/user_profile.css [33m404[0m 19.832 ms - 173[0m
[0mGET /users/profile/625fe5059993ca9ec69a9c7f [36m304[0m 12.255 ms - -[0m
[0mGET /users/profile/css/layout.css [33m404[0m 21.275 ms - 167[0m
[0mGET /users/profile/css/header.css [33m404[0m 19.930 ms - 167[0m
[0mGET /users/profile/css/footer.css [33m404[0m 15.398 ms - 167[0m
[0mGET /users/profile/css/user_profile.css [33m404[0m 13.993 ms - 173[0m
[0mGET /users/profile/625fe5059993ca9ec69a9c7f [36m304[0m 9.557 ms - -[0m
[0mGET /users/profile/css/layout.css [33m404[0m 22.224 ms - 167[0m
[0mGET /users/profile/css/header.css [33m404[0m 22.387 ms - 167[0m
[0mGET /users/profile/css/footer.css [33m404[0m 19.747 ms - 167[0m
[0mGET /users/profile/css/user_profile.css [33m404[0m 21.280 ms - 173[0m
[0mGET /users/profile/625fe5059993ca9ec69a9c7f [36m304[0m 12.159 ms - -[0m
[0mGET /users/profile/css/layout.css [33m404[0m 20.027 ms - 167[0m
[0mGET /users/profile/css/header.css [33m404[0m 21.853 ms - 167[0m
[0mGET /users/profile/css/footer.css [33m404[0m 22.302 ms - 167[0m
[0mGET /users/profile/css/user_profile.css [33m404[0m 17.397 ms - 173[0m
[0mGET /users/profile/625fe5059993ca9ec69a9c7f [36m304[0m 12.567 ms - -[0m
[0mGET /users/profile/css/layout.css [33m404[0m 20.611 ms - 167[0m
[0mGET /users/profile/css/header.css [33m404[0m 15.342 ms - 167[0m
[0mGET /users/profile/css/user_profile.css [33m404[0m 14.029 ms - 173[0m
[0mGET /users/profile/css/footer.css [33m404[0m 17.564 ms - 167[0m
[0mGET /users/profile/625fe5059993ca9ec69a9c7f [36m304[0m 10.085 ms - -[0m
[0mGET /users/profile/css/layout.css [33m404[0m 18.668 ms - 167[0m
[0mGET /users/profile/css/header.css [33m404[0m 17.168 ms - 167[0m
[0mGET /users/profile/css/footer.css [33m404[0m 16.931 ms - 167[0m
[0mGET /users/profile/css/user_profile.css [33m404[0m 24.037 ms - 173[0m
[0mGET /users/profile/625fe5059993ca9ec69a9c7f [36m304[0m 12.696 ms - -[0m
[0mGET /users/profile/css/layout.css [33m404[0m 22.088 ms - 167[0m
[0mGET /users/profile/css/header.css [33m404[0m 15.655 ms - 167[0m
[0mGET /users/profile/css/footer.css [33m404[0m 18.779 ms - 167[0m
[0mGET /users/profile/css/user_profile.css [33m404[0m 21.623 ms - 173[0m
[0mGET /users/profile/625fe5059993ca9ec69a9c7f [36m304[0m 16.168 ms - -[0m
[0mGET /users/profile/css/layout.css [33m404[0m 25.587 ms - 167[0m
[0mGET /users/profile/css/header.css [33m404[0m 25.560 ms - 167[0m
[0mGET /users/profile/css/footer.css [33m404[0m 18.666 ms - 167[0m
[0mGET /users/profile/css/user_profile.css [33m404[0m 23.807 ms - 173[0m
[0mGET /users/profile/625fe5059993ca9ec69a9c7f [36m304[0m 13.668 ms - -[0m
[0mGET /users/profile/css/layout.css [33m404[0m 14.740 ms - 167[0m
[0mGET /users/profile/css/header.css [33m404[0m 16.204 ms - 167[0m
[0mGET /users/profile/css/footer.css [33m404[0m 18.328 ms - 167[0m
[0mGET /users/profile/css/user_profile.css [33m404[0m 16.702 ms - 173[0m
[0mGET /users/profile/625fe5059993ca9ec69a9c7f [36m304[0m 14.111 ms - -[0m
[0mGET /users/profile/css/layout.css [33m404[0m 29.630 ms - 167[0m
[0mGET /users/profile/css/header.css [33m404[0m 31.080 ms - 167[0m
[0mGET /users/profile/css/footer.css [33m404[0m 28.451 ms - 167[0m
[0mGET /users/profile/css/user_profile.css [33m404[0m 27.007 ms - 173[0m
[0mGET /users/profile/625fe5059993ca9ec69a9c7f [36m304[0m 15.558 ms - -[0m
[0mGET /users/profile/css/layout.css [33m404[0m 21.281 ms - 167[0m
[0mGET /users/profile/css/footer.css [33m404[0m 18.689 ms - 167[0m
[0mGET /users/profile/css/header.css [33m404[0m 17.602 ms - 167[0m
[0mGET /users/profile/css/user_profile.css [33m404[0m 21.420 ms - 173[0m
[0mGET /users/profile/625fe5059993ca9ec69a9c7f [36m304[0m 16.965 ms - -[0m
[0mGET /users/profile/css/layout.css [33m404[0m 24.155 ms - 167[0m
[0mGET /users/profile/css/header.css [33m404[0m 24.074 ms - 167[0m
[0mGET /users/profile/css/footer.css [33m404[0m 25.137 ms - 167[0m
[0mGET /users/profile/css/user_profile.css [33m404[0m 18.006 ms - 173[0m
[0mGET /users/profile/625fe5059993ca9ec69a9c7f [36m304[0m 16.394 ms - -[0m
[0mGET /users/profile/css/layout.css [33m404[0m 20.232 ms - 167[0m
[0mGET /users/profile/css/header.css [33m404[0m 18.668 ms - 167[0m
[0mGET /users/profile/css/footer.css [33m404[0m 18.585 ms - 167[0m
[0mGET /users/profile/css/user_profile.css [33m404[0m 19.530 ms - 173[0m
[0mGET /users/profile/625fe5059993ca9ec69a9c7f [36m304[0m 15.073 ms - -[0m
[0mGET /users/profile/css/layout.css [33m404[0m 20.725 ms - 167[0m
[0mGET /users/profile/css/header.css [33m404[0m 18.492 ms - 167[0m
[0mGET /users/profile/css/footer.css [33m404[0m 15.671 ms - 167[0m
[0mGET /users/profile/css/user_profile.css [33m404[0m 16.357 ms - 173[0m
[0mGET /users/profile/625fe5059993ca9ec69a9c7f [36m304[0m 19.727 ms - -[0m
[0mGET /users/profile/css/layout.css [33m404[0m 12.841 ms - 167[0m
[0mGET /users/profile/css/header.css [33m404[0m 15.144 ms - 167[0m
[0mGET /users/profile/css/footer.css [33m404[0m 14.962 ms - 167[0m
[0mGET /users/profile/css/user_profile.css [33m404[0m 14.669 ms - 173[0m
[0mGET /users/profile/625fe5059993ca9ec69a9c7f [36m304[0m 15.567 ms - -[0m
[0mGET /users/profile/css/layout.css [33m404[0m 24.961 ms - 167[0m
[0mGET /users/profile/css/header.css [33m404[0m 15.999 ms - 167[0m
[0mGET /users/profile/css/footer.css [33m404[0m 20.120 ms - 167[0m
[0mGET /users/profile/css/user_profile.css [33m404[0m 22.255 ms - 173[0m
[0mGET /users/profile/625fe5059993ca9ec69a9c7f [36m304[0m 17.353 ms - -[0m
[0mGET /users/profile/css/layout.css [33m404[0m 16.667 ms - 167[0m
[0mGET /users/profile/css/header.css [33m404[0m 18.705 ms - 167[0m
[0mGET /users/profile/css/footer.css [33m404[0m 20.327 ms - 167[0m
[0mGET /users/profile/css/user_profile.css [33m404[0m 18.575 ms - 173[0m
[0mGET /users/profile/625fe5059993ca9ec69a9c7f [36m304[0m 21.719 ms - -[0m
[0mGET /users/profile/css/layout.css [33m404[0m 18.111 ms - 167[0m
[0mGET /users/profile/css/header.css [33m404[0m 13.122 ms - 167[0m
[0mGET /users/profile/css/footer.css [33m404[0m 13.256 ms - 167[0m
[0mGET /users/profile/css/user_profile.css [33m404[0m 15.253 ms - 173[0m
[0mGET /users/profile/625fe5059993ca9ec69a9c7f [36m304[0m 18.632 ms - -[0m
[0mGET /users/profile/css/layout.css [33m404[0m 19.759 ms - 167[0m
[0mGET /users/profile/css/header.css [33m404[0m 18.368 ms - 167[0m
[0mGET /users/profile/css/footer.css [33m404[0m 14.759 ms - 167[0m
[0mGET /users/profile/css/user_profile.css [33m404[0m 20.937 ms - 173[0m
[0mGET /users/profile/625fe5059993ca9ec69a9c7f [36m304[0m 19.347 ms - -[0m
[0mGET /users/profile/css/layout.css [33m404[0m 11.158 ms - 167[0m
[0mGET /users/profile/css/header.css [33m404[0m 12.764 ms - 167[0m
[0mGET /users/profile/css/footer.css [33m404[0m 13.009 ms - 167[0m
[0mGET /users/profile/css/user_profile.css [33m404[0m 17.344 ms - 173[0m
[0mGET /users/profile/625fe5059993ca9ec69a9c7f [36m304[0m 16.259 ms - -[0m
[0mGET /users/profile/css/layout.css [33m404[0m 13.697 ms - 167[0m
[0mGET /users/profile/css/header.css [33m404[0m 21.059 ms - 167[0m
[0mGET /users/profile/css/footer.css [33m404[0m 21.709 ms - 167[0m
[0mGET /users/profile/css/user_profile.css [33m404[0m 20.719 ms - 173[0m
[0mGET /users/profile/625fe5059993ca9ec69a9c7f [36m304[0m 18.208 ms - -[0m
[0mGET /users/profile/css/layout.css [33m404[0m 20.630 ms - 167[0m
[0mGET /users/profile/css/header.css [33m404[0m 20.191 ms - 167[0m
[0mGET /users/profile/css/footer.css [33m404[0m 17.513 ms - 167[0m
[0mGET /users/profile/css/user_profile.css [33m404[0m 20.863 ms - 173[0m
[0mGET / [32m200[0m 104.288 ms - 4933[0m
[0mGET /favicon.ico [33m404[0m 11.531 ms - 150[0m
[0mGET /users/sign-in [36m304[0m 13.497 ms - -[0m
[0mGET /users/css/layout.css [33m404[0m 13.738 ms - 159[0m
[0mGET /users/css/header.css [33m404[0m 10.815 ms - 159[0m
[0mGET /users/css/footer.css [33m404[0m 13.066 ms - 159[0m
[0mGET / [36m304[0m 43.330 ms - -[0m
[0mGET / [36m304[0m 41.382 ms - -[0m
[0mGET /users/sign-in [36m304[0m 14.711 ms - -[0m
[0mGET /users/css/layout.css [33m404[0m 7.627 ms - 159[0m
[0mGET /users/css/header.css [33m404[0m 10.034 ms - 159[0m
[0mGET /users/css/footer.css [33m404[0m 9.909 ms - 159[0m
[0mGET /users/sign-up [32m200[0m 14.278 ms - 2251[0m
[0mGET /users/css/layout.css [33m404[0m 10.441 ms - 159[0m
[0mGET /users/css/header.css [33m404[0m 9.693 ms - 159[0m
[0mGET /users/css/footer.css [33m404[0m 10.954 ms - 159[0m
[0mGET /users/sign-in [36m304[0m 9.581 ms - -[0m
[0mGET /users/css/layout.css [33m404[0m 4.274 ms - 159[0m
[0mGET /users/css/header.css [33m404[0m 6.352 ms - 159[0m
[0mGET /users/css/footer.css [33m404[0m 3.470 ms - 159[0m
[0mGET /users/profile [33m404[0m 5.587 ms - 152[0m
[0mGET / [36m304[0m 38.504 ms - -[0m
[0mGET /users/sign-in [36m304[0m 6.991 ms - -[0m
[0mGET /users/css/layout.css [33m404[0m 6.734 ms - 159[0m
[0mGET /users/css/header.css [33m404[0m 6.750 ms - 159[0m
[0mGET /users/css/footer.css [33m404[0m 8.461 ms - 159[0m
[0mGET / [36m304[0m 32.720 ms - -[0m
[0mGET /users/sign-in [36m304[0m 6.374 ms - -[0m
[0mGET /users/css/layout.css [33m404[0m 8.222 ms - 159[0m
[0mGET /users/css/header.css [33m404[0m 9.220 ms - 159[0m
[0mGET /users/css/footer.css [33m404[0m 9.918 ms - 159[0m
[0mGET /users/auth/google [36m302[0m 6.372 ms - 0[0m
[0mGET /users/auth/google/callback?code=4%2F0AX4XfWilvofw-MM1GQ35Fb6J1XH8tRoZ-3h9KyFK3EjjEn-u0rk52OagNk7Hc_c_WWAcOg&scope=email+profile+openid+https%3A%2F%2Fwww.googleapis.com%2Fauth%2Fuserinfo.profile+https%3A%2F%2Fwww.googleapis.com%2Fauth%2Fuserinfo.email&authuser=0&prompt=none [36m302[0m 811.066 ms - 46[0m
[0mGET / [32m200[0m 39.741 ms - 6984[0m
[0mGET /users/profile/625fe5059993ca9ec69a9c7f [32m200[0m 20.156 ms - 2395[0m
[0mGET /users/profile/css/layout.css [33m404[0m 21.352 ms - 167[0m
[0mGET /users/profile/css/header.css [33m404[0m 23.382 ms - 167[0m
[0mGET /users/profile/css/footer.css [33m404[0m 28.115 ms - 167[0m
[0mGET /users/profile/css/user_profile.css [33m404[0m 30.039 ms - 173[0m
[0mGET /users/profile [33m404[0m 10.892 ms - 152[0m
[0mGET /users/profile/625fe5059993ca9ec69a9c7f [36m304[0m 37.078 ms - -[0m
[0mGET /users/profile/css/layout.css [33m404[0m 17.795 ms - 167[0m
[0mGET /users/profile/css/header.css [33m404[0m 22.269 ms - 167[0m
[0mGET /users/profile/css/footer.css [33m404[0m 21.920 ms - 167[0m
[0mGET /users/profile/css/user_profile.css [33m404[0m 23.906 ms - 173[0m
[0mGET /uploads/users/avatars/avatar-1650524367980 [33m404[0m 4.627 ms - 181[0m
[0mGET / [32m200[0m 34.594 ms - 6693[0m
[0mGET /users/profile [33m404[0m 5.144 ms - 152[0m
[0mGET /users/sign-out [36m302[0m 10.720 ms - 46[0m
[0mGET / [32m200[0m 27.004 ms - 5222[0m
[0mGET / [32m200[0m 24.309 ms - 4933[0m
[0mGET / [36m304[0m 24.589 ms - -[0m
[0mGET / [36m304[0m 20.479 ms - -[0m
[0mGET / [36m304[0m 19.978 ms - -[0m
[0mGET / [36m304[0m 51.969 ms - -[0m
[0mGET / [36m304[0m 28.961 ms - -[0m
[0mGET / [36m304[0m 20.946 ms - -[0m
[0mGET / [36m304[0m 33.488 ms - -[0m
[0mGET / [36m304[0m 22.700 ms - -[0m
[0mGET /users/sign-in [36m304[0m 6.021 ms - -[0m
[0mGET /users/css/layout.css [33m404[0m 6.715 ms - 159[0m
[0mGET /users/css/header.css [33m404[0m 9.497 ms - 159[0m
[0mGET /users/css/footer.css [33m404[0m 7.775 ms - 159[0m
[0mGET /users/auth/google [36m302[0m 7.231 ms - 0[0m
[0mGET /users/auth/google/callback?code=4%2F0AX4XfWiOZUuMySl4sPqeASXQaqM6qlp57_0qkR97U96D__DcPtqXzmxT3vf5TWI2sHAjhA&scope=email+profile+https%3A%2F%2Fwww.googleapis.com%2Fauth%2Fuserinfo.email+openid+https%3A%2F%2Fwww.googleapis.com%2Fauth%2Fuserinfo.profile&authuser=0&prompt=none [36m302[0m 742.244 ms - 46[0m
[0mGET / [32m200[0m 24.882 ms - 6984[0m
